Start testing: Aug 11 00:58 CDT
----------------------------------------------------------
Changing directory into: /home/ismarc/kumonosu/core/src/build/clientlib/tests
1/7 Testing: client_test
1/7 Test: client_test
Command: "/home/ismarc/kumonosu/core/src/build/clientlib/tests/client_test" 
Directory: /home/ismarc/kumonosu/core/src/build/clientlib/tests
"client_test" start time: Aug 11 00:58 CDT
Output:
----------------------------------------------------------
ClientTest::constructorTest : OK
ClientTest::setServerAddressTestThrift: Tue Aug 11 00:58:56 2009 TServerSocket::listen() IPV6_V6ONLY Protocol not available
TSimpleServer client died: No more data to read.
 : OK
ClientTest::setServerPortTestThrift: Tue Aug 11 00:58:59 2009 TServerSocket::listen() IPV6_V6ONLY Protocol not available
TSimpleServer client died: No more data to read.
 : OK
ClientTest::connectTestThrift: Tue Aug 11 00:59:02 2009 TServerSocket::listen() IPV6_V6ONLY Protocol not available
TSimpleServer client died: No more data to read.
 : OK
ClientTest::sendRequestTestThrift: Tue Aug 11 00:59:05 2009 TServerSocket::listen() IPV6_V6ONLY Protocol not available
 : OK
ClientTest::sendLocalRequestTestThrift: Tue Aug 11 00:59:08 2009 TServerSocket::listen() IPV6_V6ONLY Protocol not available
 : OK
ClientTest::getNextPendingItemTestThrift: Tue Aug 11 00:59:11 2009 TServerSocket::listen() IPV6_V6ONLY Protocol not available
 : OK
ClientTest::getPendingItemsTestThrift: Tue Aug 11 00:59:14 2009 TServerSocket::listen() IPV6_V6ONLY Protocol not available
 : OK
ClientTest::getPendingItemsCountTestThrift: Tue Aug 11 00:59:18 2009 TServerSocket::listen() IPV6_V6ONLY Protocol not available
 : OK
----------------------------------------------------------
"client_test" end time: Aug 11 00:59 CDT
"client_test" time elapsed: 00:00:26
----------------------------------------------------------

Changing directory into: /home/ismarc/kumonosu/core/src/build/tests
2/7 Testing: request_queue_test
2/7 Test: request_queue_test
Command: "/home/ismarc/kumonosu/core/src/build/tests/request_queue_test" 
Directory: /home/ismarc/kumonosu/core/src/build/tests
"request_queue_test" start time: Aug 11 00:59 CDT
Output:
----------------------------------------------------------
RequestQueueTest::constructorTest : OK
RequestQueueTest::addItemTest : OK
RequestQueueTest::getItemTest : OK
RequestQueueTest::getItemEmptyTest : OK
RequestQueueTest::getItemQueueTest : OK
RequestQueueTest::getItemQueueByCountTest : OK
RequestQueueTest::getServiceIdsTest : OK
RequestQueueTest::queueLockTest : OK
----------------------------------------------------------
"request_queue_test" end time: Aug 11 00:59 CDT
"request_queue_test" time elapsed: 00:00:00
----------------------------------------------------------

3/7 Testing: rrmh_test
3/7 Test: rrmh_test
Command: "/home/ismarc/kumonosu/core/src/build/tests/rrmh_test" 
Directory: /home/ismarc/kumonosu/core/src/build/tests
"rrmh_test" start time: Aug 11 00:59 CDT
Output:
----------------------------------------------------------
RemoteRequestManagerHandlerTest::constructorTest : OK
RemoteRequestManagerHandlerTest::setRequestQueueTest : OK
RemoteRequestManagerHandlerTest::queueItemTest : OK
----------------------------------------------------------
"rrmh_test" end time: Aug 11 00:59 CDT
"rrmh_test" time elapsed: 00:00:00
----------------------------------------------------------

4/7 Testing: lrmh_test
4/7 Test: lrmh_test
Command: "/home/ismarc/kumonosu/core/src/build/tests/lrmh_test" 
Directory: /home/ismarc/kumonosu/core/src/build/tests
"lrmh_test" start time: Aug 11 00:59 CDT
Output:
----------------------------------------------------------
LocalRequestManagerHandlerTest::constructorTest : OK
LocalRequestManagerHandlerTest::setIncomingQueueTest : OK
LocalRequestManagerHandlerTest::setOutgoingQueueTest : OK
LocalRequestManagerHandlerTest::setLocalQueueTest : OK
LocalRequestManagerHandlerTest::queueItemTest : OK
LocalRequestManagerHandlerTest::getItemTest : OK
LocalRequestManagerHandlerTest::getItemListTest : OK
LocalRequestManagerHandlerTest::getItemListByCountTest : OK
----------------------------------------------------------
"lrmh_test" end time: Aug 11 00:59 CDT
"lrmh_test" time elapsed: 00:00:00
----------------------------------------------------------

5/7 Testing: remote_server_test
5/7 Test: remote_server_test
Command: "/home/ismarc/kumonosu/core/src/build/tests/remote_server_test" 
Directory: /home/ismarc/kumonosu/core/src/build/tests
"remote_server_test" start time: Aug 11 00:59 CDT
Output:
----------------------------------------------------------
RemoteServerTest::constructorTestThrift: Tue Aug 11 00:59:22 2009 TServerSocket::listen() IPV6_V6ONLY Protocol not available
 : OK
RemoteServerTest::sendRequestTestThrift: Tue Aug 11 00:59:23 2009 TServerSocket::listen() IPV6_V6ONLY Protocol not available
 : OK
----------------------------------------------------------
"remote_server_test" end time: Aug 11 00:59 CDT
"remote_server_test" time elapsed: 00:00:02
----------------------------------------------------------

6/7 Testing: imp_test
6/7 Test: imp_test
Command: "/home/ismarc/kumonosu/core/src/build/tests/imp_test" 
Directory: /home/ismarc/kumonosu/core/src/build/tests
"imp_test" start time: Aug 11 00:59 CDT
Output:
----------------------------------------------------------
InternalMessageProcessorTest::constructorTest : OK
InternalMessageProcessorTest::setInternalQueueTest : OK
InternalMessageProcessorTest::runTest : OK
InternalMessageProcessorTest::processItemTest : OK
----------------------------------------------------------
"imp_test" end time: Aug 11 00:59 CDT
"imp_test" time elapsed: 00:00:03
----------------------------------------------------------

7/7 Testing: outgoing_client_test
7/7 Test: outgoing_client_test
Command: "/home/ismarc/kumonosu/core/src/build/tests/outgoing_client_test" 
Directory: /home/ismarc/kumonosu/core/src/build/tests
"outgoing_client_test" start time: Aug 11 00:59 CDT
Output:
----------------------------------------------------------
OutgoingClientTest::constructorTest : OK
OutgoingClientTest::setOutgoingQueueTest : OK
OutgoingClientTest::addServerTestThrift: Tue Aug 11 00:59:27 2009 TServerSocket::listen() IPV6_V6ONLY Protocol not available
 : OK
OutgoingClientTest::removeServerTestThrift: Tue Aug 11 00:59:28 2009 TServerSocket::listen() IPV6_V6ONLY Protocol not available
 : OK
OutgoingClientTest::runTest : OK
OutgoingClientTest::processOutgoingQueueTestThrift: Tue Aug 11 00:59:31 2009 TServerSocket::listen() IPV6_V6ONLY Protocol not available
 : OK
----------------------------------------------------------
"outgoing_client_test" end time: Aug 11 00:59 CDT
"outgoing_client_test" time elapsed: 00:00:06
----------------------------------------------------------

End testing: Aug 11 00:59 CDT
